<?xml version="1.0" encoding="UTF-8"?>
<testsuite xmlns:xsi="http://www.w3.org/2001/XMLSchema-instance" xsi:noNamespaceSchemaLocation="https://maven.apache.org/surefire/maven-surefire-plugin/xsd/surefire-test-report-3.0.xsd" version="3.0" name="tn.esprit.studentmanagement.StudentManagementApplicationTests" time="0.575" tests="1" errors="0" skipped="0" failures="0">
  <properties>
[...]
</properties>
  <testcase name="contextLoads" classname="tn.esprit.studentmanagement.StudentManagementApplicationTests" time="0.005">
    <system-out><![CDATA[2025-12-06T14:49:41.852+01:00  INFO 9644 --- [student-management-test] [           main] t.c.s.AnnotationConfigContextLoaderUtils : Could not detect default configuration classes for test class [tn.esprit.studentmanagement.StudentManagementApplicationTests]: StudentManagementApplicationTests does not declare any static, non-private, non-final, nested classes annotated with @Configuration.
2025-12-06T14:49:41.859+01:00  INFO 9644 --- [student-management-test] [           main] .b.t.c.SpringBootTestContextBootstrapper : Found @SpringBootConfiguration tn.esprit.studentmanagement.StudentManagementApplication for test class tn.esprit.studentmanagement.StudentManagementApplicationTests

  .   ____          _            __ _ _
 /\\ / ___'_ __ _ _(_)_ __  __ _ \ \ \ \
( ( )\___ | '_ | '_| | '_ \/ _` | \ \ \ \
 \\/  ___)| |_)| | | | | || (_| |  ) ) ) )
  '  |____| .__|_| |_|_| |_\__, | / / / /
 =========|_|==============|___/=/_/_/_/

 :: Spring Boot ::                (v3.5.5)

2025-12-06T14:49:41.885+01:00  INFO 9644 --- [student-management-test] [           main] t.e.s.StudentManagementApplicationTests  : Starting StudentManagementApplicationTests using Java 17.0.10 with PID 9644 (started by admab in C:\Users\admab\OneDrive\Bureau\dev\D)
2025-12-06T14:49:41.885+01:00  INFO 9644 --- [student-management-test] [           main] t.e.s.StudentManagementApplicationTests  : The following 1 profile is active: "test"
2025-12-06T14:49:42.062+01:00  INFO 9644 --- [student-management-test] [           main] .s.d.r.c.RepositoryConfigurationDelegate : Bootstrapping Spring Data JPA repositories in DEFAULT mode.
2025-12-06T14:49:42.083+01:00  INFO 9644 --- [student-management-test] [           main] .s.d.r.c.RepositoryConfigurationDelegate : Finished Spring Data repository scanning in 17 ms. Found 4 JPA repository interfaces.
2025-12-06T14:49:42.150+01:00  INFO 9644 --- [student-management-test] [           main] o.hibernate.jpa.internal.util.LogHelper  : HHH000204: Processing PersistenceUnitInfo [name: default]
2025-12-06T14:49:42.153+01:00  INFO 9644 --- [student-management-test] [           main] o.h.c.internal.RegionFactoryInitiator    : HHH000026: Second-level cache disabled
2025-12-06T14:49:42.163+01:00  INFO 9644 --- [student-management-test] [           main] o.s.o.j.p.SpringPersistenceUnitInfo      : No LoadTimeWeaver setup: ignoring JPA class transformer
2025-12-06T14:49:42.165+01:00  INFO 9644 --- [student-management-test] [           main] com.zaxxer.hikari.HikariDataSource       : HikariPool-3 - Starting...
2025-12-06T14:49:42.166+01:00  INFO 9644 --- [student-management-test] [           main] com.zaxxer.hikari.pool.HikariPool        : HikariPool-3 - Added connection conn20: url=jdbc:h2:mem:studentdb-test user=SA
2025-12-06T14:49:42.166+01:00  INFO 9644 --- [student-management-test] [           main] com.zaxxer.hikari.HikariDataSource       : HikariPool-3 - Start completed.
2025-12-06T14:49:42.167+01:00  INFO 9644 --- [student-management-test] [           main] org.hibernate.orm.connections.pooling    : HHH10001005: Database info:
	Database JDBC URL [Connecting through datasource 'HikariDataSource (HikariPool-3)']
	Database driver: undefined/unknown
	Database version: 2.3.232
	Autocommit mode: undefined/unknown
	Isolation level: undefined/unknown
	Minimum pool size: undefined/unknown
	Maximum pool size: undefined/unknown
2025-12-06T14:49:42.214+01:00  INFO 9644 --- [student-management-test] [           main] o.h.e.t.j.p.i.JtaPlatformInitiator       : HHH000489: No JTA platform available (set 'hibernate.transaction.jta.platform' to enable JTA platform integration)
Hibernate: drop table if exists course cascade 
Hibernate: drop table if exists department cascade 
Hibernate: drop table if exists enrollment cascade 
Hibernate: drop table if exists student cascade 
Hibernate: create table course (credit integer not null, id_course bigint generated by default as identity, code varchar(255), description varchar(255), name varchar(255), primary key (id_course))
Hibernate: create table department (id_department bigint generated by default as identity, head varchar(255), location varchar(255), name varchar(255), phone varchar(255), primary key (id_department))
Hibernate: create table enrollment (enrollment_date date, grade float(53), course_id_course bigint, id_enrollment bigint generated by default as identity, student_id_student bigint, status enum ('ACTIVE','COMPLETED','DROPPED','FAILED','WITHDRAWN'), primary key (id_enrollment))
Hibernate: create table student (date_of_birth date, department_id_department bigint, id_student bigint generated by default as identity, address varchar(255), email varchar(255), first_name varchar(255), last_name varchar(255), phone varchar(255), primary key (id_student))
Hibernate: alter table if exists enrollment add constraint FKmuo68i8nton3ptf7hfkhhulni foreign key (course_id_course) references course
Hibernate: alter table if exists enrollment add constraint FKe7ou10rkmxygeb5j05uc34ult foreign key (student_id_student) references student
Hibernate: alter table if exists student add constraint FKki4lgeuqrn67tf5pdr13xyi7t foreign key (department_id_department) references department
2025-12-06T14:49:42.228+01:00  INFO 9644 --- [student-management-test] [           main] j.LocalContainerEntityManagerFactoryBean : Initialized JPA EntityManagerFactory for persistence unit 'default'
2025-12-06T14:49:42.293+01:00  WARN 9644 --- [student-management-test] [           main] JpaBaseConfiguration$JpaWebConfiguration : spring.jpa.open-in-view is enabled by default. Therefore, database queries may be performed during view rendering. Explicitly configure spring.jpa.open-in-view to disable this warning
2025-12-06T14:49:42.308+01:00  INFO 9644 --- [student-management-test] [           main] o.s.v.b.OptionalValidatorFactoryBean     : Failed to set up a Bean Validation provider: jakarta.validation.NoProviderFoundException: Unable to create a Configuration, because no Jakarta Bean Validation provider could be found. Add a provider like Hibernate Validator (RI) to your classpath.
2025-12-06T14:49:42.419+01:00  INFO 9644 --- [student-management-test] [           main] t.e.s.StudentManagementApplicationTests  : Started StudentManagementApplicationTests in 0.558 seconds (process running for 11.838)
]]></system-out>
  </testcase>
</testsuite>